2021-01-21 10:03:08.845 INFO  (main) [   ] o.e.j.u.log Logging initialized @16852ms to org.eclipse.jetty.util.log.Slf4jLog
2021-01-21 10:03:10.414 WARN  (main) [   ] o.e.j.s.AbstractConnector Ignoring deprecated socket close linger time
2021-01-21 10:03:10.414 WARN  (main) [   ] o.e.j.x.XmlConfiguration Deprecated method public void org.eclipse.jetty.server.ServerConnector.setSoLingerTime(int) in file:///C:/Users/Charlene/Documents/GitHub/CZ4034/solr-8.4.1/solr-8.4.1/server/etc/jetty-http.xml
2021-01-21 10:03:10.640 INFO  (main) [   ] o.e.j.s.Server jetty-9.4.19.v20190610; built: 2019-06-10T16:30:51.723Z; git: afcf563148970e98786327af5e07c261fda175d3; jvm 14.0.2+12-46
2021-01-21 10:03:10.830 INFO  (main) [   ] o.e.j.d.p.ScanningAppProvider Deployment monitor [file:///C:/Users/Charlene/Documents/GitHub/CZ4034/solr-8.4.1/solr-8.4.1/server/contexts/] at interval 0
2021-01-21 10:03:12.682 INFO  (main) [   ] o.e.j.w.StandardDescriptorProcessor NO JSP Support for /solr, did not find org.apache.jasper.servlet.JspServlet
2021-01-21 10:03:12.772 INFO  (main) [   ] o.e.j.s.session DefaultSessionIdManager workerName=node0
2021-01-21 10:03:12.772 INFO  (main) [   ] o.e.j.s.session No SessionScavenger set, using defaults
2021-01-21 10:03:12.829 INFO  (main) [   ] o.e.j.s.session node0 Scavenging every 660000ms
2021-01-21 10:03:13.706 INFO  (main) [   ] o.a.s.s.SolrDispatchFilter Using logger factory org.apache.logging.slf4j.Log4jLoggerFactory
2021-01-21 10:03:13.766 INFO  (main) [   ] o.a.s.s.SolrDispatchFilter  ___      _       Welcome to Apache Solr™ version 8.4.1
2021-01-21 10:03:13.766 INFO  (main) [   ] o.a.s.s.SolrDispatchFilter / __| ___| |_ _   Starting in standalone mode on port 8983
2021-01-21 10:03:13.766 INFO  (main) [   ] o.a.s.s.SolrDispatchFilter \__ \/ _ \ | '_|  Install dir: C:\Users\Charlene\Documents\GitHub\CZ4034\solr-8.4.1\solr-8.4.1
2021-01-21 10:03:13.766 INFO  (main) [   ] o.a.s.s.SolrDispatchFilter |___/\___/_|_|    Start time: 2021-01-21T10:03:13.766970500Z
2021-01-21 10:03:14.295 INFO  (main) [   ] o.a.s.c.SolrResourceLoader Using system property solr.solr.home: C:\Users\Charlene\Documents\GitHub\CZ4034\solr-8.4.1\solr-8.4.1\server\solr
2021-01-21 10:03:14.412 INFO  (main) [   ] o.a.s.c.SolrXmlConfig Loading container configuration from C:\Users\Charlene\Documents\GitHub\CZ4034\solr-8.4.1\solr-8.4.1\server\solr\solr.xml
2021-01-21 10:03:15.519 INFO  (main) [   ] o.a.s.c.SolrXmlConfig MBean server found: com.sun.jmx.mbeanserver.JmxMBeanServer@1c7696c6, but no JMX reporters were configured - adding default JMX reporter.
2021-01-21 10:03:18.898 INFO  (main) [   ] o.a.s.h.c.HttpShardHandlerFactory Host whitelist initialized: WhitelistHostChecker [whitelistHosts=null, whitelistHostCheckingEnabled=true]
2021-01-21 10:03:20.967 WARN  (main) [   ] o.e.j.u.s.S.config Trusting all certificates configured for Client@2dddc1b9[provider=null,keyStore=null,trustStore=null]
2021-01-21 10:03:20.967 WARN  (main) [   ] o.e.j.u.s.S.config No Client EndPointIdentificationAlgorithm configured for Client@2dddc1b9[provider=null,keyStore=null,trustStore=null]
2021-01-21 10:03:21.350 WARN  (main) [   ] o.e.j.u.s.S.config Trusting all certificates configured for Client@21e20ad5[provider=null,keyStore=null,trustStore=null]
2021-01-21 10:03:21.350 WARN  (main) [   ] o.e.j.u.s.S.config No Client EndPointIdentificationAlgorithm configured for Client@21e20ad5[provider=null,keyStore=null,trustStore=null]
2021-01-21 10:03:21.475 WARN  (main) [   ] o.a.s.c.CoreContainer Not all security plugins configured!  authentication=disabled authorization=disabled.  Solr is only as secure as you make it. Consider configuring authentication/authorization before exposing Solr to users internal or external.  See https://s.apache.org/solrsecurity for more info
2021-01-21 10:03:22.375 INFO  (main) [   ] o.a.s.c.TransientSolrCoreCacheDefault Allocating transient cache for 2147483647 transient cores
2021-01-21 10:03:22.405 INFO  (main) [   ] o.a.s.h.a.MetricsHistoryHandler No .system collection, keeping metrics history in memory.
2021-01-21 10:03:22.938 INFO  (main) [   ] o.a.s.m.r.SolrJmxReporter JMX monitoring for 'solr.node' (registry 'solr.node') enabled at server: com.sun.jmx.mbeanserver.JmxMBeanServer@1c7696c6
2021-01-21 10:03:22.938 INFO  (main) [   ] o.a.s.m.r.SolrJmxReporter JMX monitoring for 'solr.jvm' (registry 'solr.jvm') enabled at server: com.sun.jmx.mbeanserver.JmxMBeanServer@1c7696c6
2021-01-21 10:03:22.953 INFO  (main) [   ] o.a.s.m.r.SolrJmxReporter JMX monitoring for 'solr.jetty' (registry 'solr.jetty') enabled at server: com.sun.jmx.mbeanserver.JmxMBeanServer@1c7696c6
2021-01-21 10:03:24.523 INFO  (main) [   ] o.a.s.c.CorePropertiesLocator Found 4 core definitions underneath C:\Users\Charlene\Documents\GitHub\CZ4034\solr-8.4.1\solr-8.4.1\server\solr
2021-01-21 10:03:24.523 INFO  (main) [   ] o.a.s.c.CorePropertiesLocator Cores are: [hello, mainindex, testauthor, testforhashtags]
2021-01-21 10:03:24.967 INFO  (coreLoadExecutor-9-thread-1) [   x:hello] o.a.s.c.SolrConfig Using Lucene MatchVersion: 8.4.1
2021-01-21 10:03:24.978 INFO  (coreLoadExecutor-9-thread-2) [   x:mainindex] o.a.s.c.SolrConfig Using Lucene MatchVersion: 8.4.1
2021-01-21 10:03:25.079 INFO  (coreLoadExecutor-9-thread-3) [   x:testauthor] o.a.s.c.SolrConfig Using Lucene MatchVersion: 8.4.1
2021-01-21 10:03:26.118 INFO  (coreLoadExecutor-9-thread-3) [   x:testauthor] o.a.s.s.IndexSchema [testauthor] Schema name=default-config
2021-01-21 10:03:26.118 INFO  (coreLoadExecutor-9-thread-2) [   x:mainindex] o.a.s.s.IndexSchema [mainindex] Schema name=default-config
2021-01-21 10:03:26.143 INFO  (coreLoadExecutor-9-thread-1) [   x:hello] o.a.s.s.IndexSchema [hello] Schema name=default-config
2021-01-21 10:03:26.229 INFO  (main) [   ] o.e.j.s.h.ContextHandler Started o.e.j.w.WebAppContext@3542162a{/solr,file:///C:/Users/Charlene/Documents/GitHub/CZ4034/solr-8.4.1/solr-8.4.1/server/solr-webapp/webapp/,AVAILABLE}{C:\Users\Charlene\Documents\GitHub\CZ4034\solr-8.4.1\solr-8.4.1\server/solr-webapp/webapp}
2021-01-21 10:03:26.243 INFO  (main) [   ] o.e.j.s.AbstractConnector Started ServerConnector@6f3c660a{HTTP/1.1,[http/1.1, h2c]}{0.0.0.0:8983}
2021-01-21 10:03:26.243 INFO  (main) [   ] o.e.j.s.Server Started @34293ms
2021-01-21 10:03:27.638 INFO  (qtp775081157-21) [   ] o.a.s.s.HttpSolrCall [admin] webapp=null path=/admin/info/system params={wt=json} status=0 QTime=707
2021-01-21 10:03:30.749 INFO  (coreLoadExecutor-9-thread-1) [   x:hello] o.a.s.s.IndexSchema Loaded schema default-config/1.6 with uniqueid field id
2021-01-21 10:03:30.826 INFO  (coreLoadExecutor-9-thread-1) [   x:hello] o.a.s.c.CoreContainer Creating SolrCore 'hello' using configuration from instancedir C:\Users\Charlene\Documents\GitHub\CZ4034\solr-8.4.1\solr-8.4.1\server\solr\hello, trusted=true
2021-01-21 10:03:30.911 INFO  (coreLoadExecutor-9-thread-1) [   x:hello] o.a.s.m.r.SolrJmxReporter JMX monitoring for 'solr.core.hello' (registry 'solr.core.hello') enabled at server: com.sun.jmx.mbeanserver.JmxMBeanServer@1c7696c6
2021-01-21 10:03:31.371 INFO  (coreLoadExecutor-9-thread-1) [   x:hello] o.a.s.c.SolrCore [[hello] ] Opening new SolrCore at [C:\Users\Charlene\Documents\GitHub\CZ4034\solr-8.4.1\solr-8.4.1\server\solr\hello], dataDir=[C:\Users\Charlene\Documents\GitHub\CZ4034\solr-8.4.1\solr-8.4.1\server\solr\hello\data\]
2021-01-21 10:03:31.371 INFO  (coreLoadExecutor-9-thread-3) [   x:testauthor] o.a.s.s.IndexSchema Loaded schema default-config/1.6 with uniqueid field id
2021-01-21 10:03:31.413 INFO  (coreLoadExecutor-9-thread-3) [   x:testauthor] o.a.s.c.CoreContainer Creating SolrCore 'testauthor' using configuration from instancedir C:\Users\Charlene\Documents\GitHub\CZ4034\solr-8.4.1\solr-8.4.1\server\solr\testauthor, trusted=true
2021-01-21 10:03:31.413 INFO  (coreLoadExecutor-9-thread-3) [   x:testauthor] o.a.s.m.r.SolrJmxReporter JMX monitoring for 'solr.core.testauthor' (registry 'solr.core.testauthor') enabled at server: com.sun.jmx.mbeanserver.JmxMBeanServer@1c7696c6
2021-01-21 10:03:31.413 INFO  (coreLoadExecutor-9-thread-3) [   x:testauthor] o.a.s.c.SolrCore [[testauthor] ] Opening new SolrCore at [C:\Users\Charlene\Documents\GitHub\CZ4034\solr-8.4.1\solr-8.4.1\server\solr\testauthor], dataDir=[C:\Users\Charlene\Documents\GitHub\CZ4034\solr-8.4.1\solr-8.4.1\server\solr\testauthor\data\]
2021-01-21 10:03:31.617 INFO  (coreLoadExecutor-9-thread-2) [   x:mainindex] o.a.s.s.IndexSchema Loaded schema default-config/1.6 with uniqueid field id
2021-01-21 10:03:31.658 INFO  (coreLoadExecutor-9-thread-2) [   x:mainindex] o.a.s.c.CoreContainer Creating SolrCore 'mainindex' using configuration from instancedir C:\Users\Charlene\Documents\GitHub\CZ4034\solr-8.4.1\solr-8.4.1\server\solr\mainindex, trusted=true
2021-01-21 10:03:31.658 INFO  (coreLoadExecutor-9-thread-2) [   x:mainindex] o.a.s.m.r.SolrJmxReporter JMX monitoring for 'solr.core.mainindex' (registry 'solr.core.mainindex') enabled at server: com.sun.jmx.mbeanserver.JmxMBeanServer@1c7696c6
2021-01-21 10:03:31.659 INFO  (coreLoadExecutor-9-thread-2) [   x:mainindex] o.a.s.c.SolrCore [[mainindex] ] Opening new SolrCore at [C:\Users\Charlene\Documents\GitHub\CZ4034\solr-8.4.1\solr-8.4.1\server\solr\mainindex], dataDir=[C:\Users\Charlene\Documents\GitHub\CZ4034\solr-8.4.1\solr-8.4.1\server\solr\mainindex\data\]
2021-01-21 10:03:35.626 INFO  (coreLoadExecutor-9-thread-2) [   x:mainindex] o.a.s.u.UpdateHandler Using UpdateLog implementation: org.apache.solr.update.UpdateLog
2021-01-21 10:03:35.626 INFO  (coreLoadExecutor-9-thread-3) [   x:testauthor] o.a.s.u.UpdateHandler Using UpdateLog implementation: org.apache.solr.update.UpdateLog
2021-01-21 10:03:35.626 INFO  (coreLoadExecutor-9-thread-2) [   x:mainindex] o.a.s.u.UpdateLog Initializing UpdateLog: dataDir= defaultSyncLevel=FLUSH numRecordsToKeep=100 maxNumLogsToKeep=10 numVersionBuckets=65536
2021-01-21 10:03:35.626 INFO  (coreLoadExecutor-9-thread-3) [   x:testauthor] o.a.s.u.UpdateLog Initializing UpdateLog: dataDir= defaultSyncLevel=FLUSH numRecordsToKeep=100 maxNumLogsToKeep=10 numVersionBuckets=65536
2021-01-21 10:03:35.627 INFO  (coreLoadExecutor-9-thread-1) [   x:hello] o.a.s.u.UpdateHandler Using UpdateLog implementation: org.apache.solr.update.UpdateLog
2021-01-21 10:03:35.627 INFO  (coreLoadExecutor-9-thread-1) [   x:hello] o.a.s.u.UpdateLog Initializing UpdateLog: dataDir= defaultSyncLevel=FLUSH numRecordsToKeep=100 maxNumLogsToKeep=10 numVersionBuckets=65536
2021-01-21 10:03:35.906 INFO  (coreLoadExecutor-9-thread-3) [   x:testauthor] o.a.s.u.CommitTracker Hard AutoCommit: if uncommitted for 15000ms; 
2021-01-21 10:03:35.906 INFO  (coreLoadExecutor-9-thread-3) [   x:testauthor] o.a.s.u.CommitTracker Soft AutoCommit: disabled
2021-01-21 10:03:35.922 INFO  (coreLoadExecutor-9-thread-2) [   x:mainindex] o.a.s.u.CommitTracker Hard AutoCommit: if uncommitted for 15000ms; 
2021-01-21 10:03:35.922 INFO  (coreLoadExecutor-9-thread-2) [   x:mainindex] o.a.s.u.CommitTracker Soft AutoCommit: disabled
2021-01-21 10:03:36.064 INFO  (coreLoadExecutor-9-thread-1) [   x:hello] o.a.s.u.CommitTracker Hard AutoCommit: if uncommitted for 15000ms; 
2021-01-21 10:03:36.064 INFO  (coreLoadExecutor-9-thread-1) [   x:hello] o.a.s.u.CommitTracker Soft AutoCommit: disabled
2021-01-21 10:03:36.792 INFO  (coreLoadExecutor-9-thread-1) [   x:hello] o.a.s.s.SolrIndexSearcher Opening [Searcher@faecaca[hello] main]
2021-01-21 10:03:36.913 INFO  (coreLoadExecutor-9-thread-1) [   x:hello] o.a.s.r.ManagedResourceStorage File-based storage initialized to use dir: C:\Users\Charlene\Documents\GitHub\CZ4034\solr-8.4.1\solr-8.4.1\server\solr\hello\conf
2021-01-21 10:03:37.204 INFO  (coreLoadExecutor-9-thread-1) [   x:hello] o.a.s.h.c.SpellCheckComponent Initializing spell checkers
2021-01-21 10:03:37.220 INFO  (coreLoadExecutor-9-thread-1) [   x:hello] o.a.s.s.DirectSolrSpellChecker init: {name=default,field=_text_,classname=solr.DirectSolrSpellChecker,distanceMeasure=internal,accuracy=0.5,maxEdits=2,minPrefix=1,maxInspections=5,minQueryLength=4,maxQueryFrequency=0.01}
2021-01-21 10:03:37.235 INFO  (coreLoadExecutor-9-thread-1) [   x:hello] o.a.s.h.ReplicationHandler Commits will be reserved for 10000ms.
2021-01-21 10:03:37.360 INFO  (searcherExecutor-10-thread-1-processing-x:hello) [   x:hello] o.a.s.c.QuerySenderListener QuerySenderListener sending requests to Searcher@faecaca[hello] main{ExitableDirectoryReader(UninvertingDirectoryReader())}
2021-01-21 10:03:37.360 INFO  (searcherExecutor-10-thread-1-processing-x:hello) [   x:hello] o.a.s.c.QuerySenderListener QuerySenderListener done.
2021-01-21 10:03:37.360 INFO  (searcherExecutor-10-thread-1-processing-x:hello) [   x:hello] o.a.s.h.c.SpellCheckComponent Loading spell index for spellchecker: default
2021-01-21 10:03:37.369 INFO  (searcherExecutor-10-thread-1-processing-x:hello) [   x:hello] o.a.s.c.SolrCore [hello] Registered new searcher Searcher@faecaca[hello] main{ExitableDirectoryReader(UninvertingDirectoryReader())}
2021-01-21 10:03:37.606 INFO  (coreLoadExecutor-9-thread-1) [   ] o.a.s.c.SolrConfig Using Lucene MatchVersion: 8.4.1
2021-01-21 10:03:37.811 INFO  (coreLoadExecutor-9-thread-1) [   ] o.a.s.s.IndexSchema [testforhashtags] Schema name=default-config
2021-01-21 10:03:39.660 INFO  (coreLoadExecutor-9-thread-3) [   x:testauthor] o.a.s.s.SolrIndexSearcher Opening [Searcher@73b00ccb[testauthor] main]
2021-01-21 10:03:39.660 INFO  (coreLoadExecutor-9-thread-3) [   x:testauthor] o.a.s.r.ManagedResourceStorage File-based storage initialized to use dir: C:\Users\Charlene\Documents\GitHub\CZ4034\solr-8.4.1\solr-8.4.1\server\solr\testauthor\conf
2021-01-21 10:03:39.660 INFO  (coreLoadExecutor-9-thread-3) [   x:testauthor] o.a.s.h.c.SuggestComponent Initializing SuggestComponent
2021-01-21 10:03:39.660 INFO  (coreLoadExecutor-9-thread-3) [   x:testauthor] o.a.s.s.s.SolrSuggester init: {name=fuzzySuggester,lookupImpl=BlendedInfixLookupFactory,blenderType=position_linear,dictionaryimpl=DocumentDictionaryFactory,field=hashtags,weightField=popularity,suggestAnalyzerFieldType=suggestType,buildOnStartup=false,buildOnCommit=false,exactMatchFirst=true}
2021-01-21 10:03:39.675 INFO  (coreLoadExecutor-9-thread-1) [   ] o.a.s.s.IndexSchema Loaded schema default-config/1.6 with uniqueid field id
2021-01-21 10:03:39.709 INFO  (coreLoadExecutor-9-thread-1) [   ] o.a.s.c.CoreContainer Creating SolrCore 'testforhashtags' using configuration from instancedir C:\Users\Charlene\Documents\GitHub\CZ4034\solr-8.4.1\solr-8.4.1\server\solr\testforhashtags, trusted=true
2021-01-21 10:03:39.709 INFO  (coreLoadExecutor-9-thread-1) [   ] o.a.s.m.r.SolrJmxReporter JMX monitoring for 'solr.core.testforhashtags' (registry 'solr.core.testforhashtags') enabled at server: com.sun.jmx.mbeanserver.JmxMBeanServer@1c7696c6
2021-01-21 10:03:39.709 INFO  (coreLoadExecutor-9-thread-1) [   ] o.a.s.c.SolrCore [[testforhashtags] ] Opening new SolrCore at [C:\Users\Charlene\Documents\GitHub\CZ4034\solr-8.4.1\solr-8.4.1\server\solr\testforhashtags], dataDir=[C:\Users\Charlene\Documents\GitHub\CZ4034\solr-8.4.1\solr-8.4.1\server\solr\testforhashtags\data\]
2021-01-21 10:03:40.014 INFO  (coreLoadExecutor-9-thread-1) [   ] o.a.s.u.UpdateHandler Using UpdateLog implementation: org.apache.solr.update.UpdateLog
2021-01-21 10:03:40.014 INFO  (coreLoadExecutor-9-thread-1) [   ] o.a.s.u.UpdateLog Initializing UpdateLog: dataDir= defaultSyncLevel=FLUSH numRecordsToKeep=100 maxNumLogsToKeep=10 numVersionBuckets=65536
2021-01-21 10:03:40.014 INFO  (coreLoadExecutor-9-thread-2) [   x:mainindex] o.a.s.s.SolrIndexSearcher Opening [Searcher@3e5908a[mainindex] main]
2021-01-21 10:03:40.014 INFO  (coreLoadExecutor-9-thread-2) [   x:mainindex] o.a.s.r.ManagedResourceStorage File-based storage initialized to use dir: C:\Users\Charlene\Documents\GitHub\CZ4034\solr-8.4.1\solr-8.4.1\server\solr\mainindex\conf
2021-01-21 10:03:40.014 INFO  (coreLoadExecutor-9-thread-2) [   x:mainindex] o.a.s.h.c.SuggestComponent Initializing SuggestComponent
2021-01-21 10:03:40.014 INFO  (coreLoadExecutor-9-thread-2) [   x:mainindex] o.a.s.s.s.SolrSuggester init: {name=fuzzySuggester,lookupImpl=BlendedInfixLookupFactory,blenderType=position_linear,dictionaryimpl=DocumentDictionaryFactory,field=hashtags,weightField=popularity,suggestAnalyzerFieldType=suggestType,buildOnStartup=true,buildOnCommit=false,exactMatchFirst=true}
2021-01-21 10:03:40.205 INFO  (coreLoadExecutor-9-thread-1) [   ] o.a.s.u.CommitTracker Hard AutoCommit: if uncommitted for 15000ms; 
2021-01-21 10:03:40.205 INFO  (coreLoadExecutor-9-thread-1) [   ] o.a.s.u.CommitTracker Soft AutoCommit: disabled
2021-01-21 10:03:40.221 INFO  (coreLoadExecutor-9-thread-1) [   ] o.a.s.s.SolrIndexSearcher Opening [Searcher@10584cd5[testforhashtags] main]
2021-01-21 10:03:40.221 INFO  (coreLoadExecutor-9-thread-1) [   ] o.a.s.r.ManagedResourceStorage File-based storage initialized to use dir: C:\Users\Charlene\Documents\GitHub\CZ4034\solr-8.4.1\solr-8.4.1\server\solr\testforhashtags\conf
2021-01-21 10:03:40.221 INFO  (coreLoadExecutor-9-thread-1) [   ] o.a.s.h.c.SpellCheckComponent Initializing spell checkers
2021-01-21 10:03:40.221 INFO  (coreLoadExecutor-9-thread-1) [   ] o.a.s.s.DirectSolrSpellChecker init: {name=default,field=_text_,classname=solr.DirectSolrSpellChecker,distanceMeasure=internal,accuracy=0.5,maxEdits=2,minPrefix=1,maxInspections=5,minQueryLength=4,maxQueryFrequency=0.01}
2021-01-21 10:03:40.221 INFO  (coreLoadExecutor-9-thread-1) [   ] o.a.s.h.ReplicationHandler Commits will be reserved for 10000ms.
2021-01-21 10:03:40.221 INFO  (searcherExecutor-25-thread-1) [   ] o.a.s.c.QuerySenderListener QuerySenderListener sending requests to Searcher@10584cd5[testforhashtags] main{ExitableDirectoryReader(UninvertingDirectoryReader())}
2021-01-21 10:03:40.221 INFO  (searcherExecutor-25-thread-1) [   ] o.a.s.c.QuerySenderListener QuerySenderListener done.
2021-01-21 10:03:40.221 INFO  (searcherExecutor-25-thread-1) [   ] o.a.s.h.c.SpellCheckComponent Loading spell index for spellchecker: default
2021-01-21 10:03:40.236 INFO  (searcherExecutor-25-thread-1) [   ] o.a.s.c.SolrCore [testforhashtags] Registered new searcher Searcher@10584cd5[testforhashtags] main{ExitableDirectoryReader(UninvertingDirectoryReader())}
2021-01-21 10:03:40.320 INFO  (coreLoadExecutor-9-thread-3) [   x:testauthor] o.a.s.s.s.SolrSuggester No dictionaryImpl parameter was provided falling back to org.apache.solr.spelling.suggest.HighFrequencyDictionaryFactory
2021-01-21 10:03:40.320 INFO  (coreLoadExecutor-9-thread-3) [   x:testauthor] o.a.s.s.s.SolrSuggester Dictionary loaded with params: {name=fuzzySuggester,lookupImpl=BlendedInfixLookupFactory,blenderType=position_linear,dictionaryimpl=DocumentDictionaryFactory,field=hashtags,weightField=popularity,suggestAnalyzerFieldType=suggestType,buildOnStartup=false,buildOnCommit=false,exactMatchFirst=true}
2021-01-21 10:03:40.320 INFO  (coreLoadExecutor-9-thread-3) [   x:testauthor] o.a.s.s.s.SolrSuggester init: {name=infixSuggester,lookupImpl=BlendedInfixLookupFactory,blenderType=position_linear,dictionaryimpl=DocumentDictionaryFactory,field=unprocessed_comments,weightField=popularity,suggestAnalyzerFieldType=suggestType,buildOnStartup=false,buildOnCommit=false,exactMatchFirst=true}
2021-01-21 10:03:40.320 INFO  (coreLoadExecutor-9-thread-3) [   x:testauthor] o.a.s.s.s.SolrSuggester No dictionaryImpl parameter was provided falling back to org.apache.solr.spelling.suggest.HighFrequencyDictionaryFactory
2021-01-21 10:03:40.320 INFO  (coreLoadExecutor-9-thread-3) [   x:testauthor] o.a.s.s.s.SolrSuggester Dictionary loaded with params: {name=infixSuggester,lookupImpl=BlendedInfixLookupFactory,blenderType=position_linear,dictionaryimpl=DocumentDictionaryFactory,field=unprocessed_comments,weightField=popularity,suggestAnalyzerFieldType=suggestType,buildOnStartup=false,buildOnCommit=false,exactMatchFirst=true}
2021-01-21 10:03:40.320 INFO  (coreLoadExecutor-9-thread-3) [   x:testauthor] o.a.s.h.c.SpellCheckComponent Initializing spell checkers
2021-01-21 10:03:40.320 INFO  (coreLoadExecutor-9-thread-3) [   x:testauthor] o.a.s.s.DirectSolrSpellChecker init: {name=default,field=_text_,classname=solr.DirectSolrSpellChecker,distanceMeasure=internal,accuracy=0.5,maxEdits=2,minPrefix=1,maxInspections=5,minQueryLength=4,maxQueryFrequency=0.01}
2021-01-21 10:03:40.320 INFO  (coreLoadExecutor-9-thread-3) [   x:testauthor] o.a.s.h.ReplicationHandler Commits will be reserved for 10000ms.
2021-01-21 10:03:40.445 INFO  (coreLoadExecutor-9-thread-2) [   x:mainindex] o.a.s.s.s.SolrSuggester No dictionaryImpl parameter was provided falling back to org.apache.solr.spelling.suggest.HighFrequencyDictionaryFactory
2021-01-21 10:03:40.445 INFO  (coreLoadExecutor-9-thread-2) [   x:mainindex] o.a.s.s.s.SolrSuggester Dictionary loaded with params: {name=fuzzySuggester,lookupImpl=BlendedInfixLookupFactory,blenderType=position_linear,dictionaryimpl=DocumentDictionaryFactory,field=hashtags,weightField=popularity,suggestAnalyzerFieldType=suggestType,buildOnStartup=true,buildOnCommit=false,exactMatchFirst=true}
2021-01-21 10:03:40.445 INFO  (coreLoadExecutor-9-thread-2) [   x:mainindex] o.a.s.h.c.SuggestComponent Registering searcher listener for suggester: fuzzySuggester - SuggesterListener [core=org.apache.solr.core.SolrCore@32f9ae08, suggester=SolrSuggester [ name=fuzzySuggester, sourceLocation=null, storeDir=, lookupImpl=BlendedInfixLookupFactory, dictionaryImpl=org.apache.solr.spelling.suggest.HighFrequencyDictionaryFactory, sizeInBytes=2644 ], buildOnCommit=false, buildOnOptimize=false, buildOnStartup=true, isCoreReload=false]
2021-01-21 10:03:40.445 INFO  (coreLoadExecutor-9-thread-2) [   x:mainindex] o.a.s.s.s.SolrSuggester init: {name=infixSuggester,lookupImpl=BlendedInfixLookupFactory,blenderType=position_linear,dictionaryimpl=DocumentDictionaryFactory,field=unprocessed_comments,weightField=popularity,suggestAnalyzerFieldType=suggestType,buildOnStartup=true,buildOnCommit=false,exactMatchFirst=true}
2021-01-21 10:03:40.445 INFO  (coreLoadExecutor-9-thread-2) [   x:mainindex] o.a.s.s.s.SolrSuggester No dictionaryImpl parameter was provided falling back to org.apache.solr.spelling.suggest.HighFrequencyDictionaryFactory
2021-01-21 10:03:40.445 INFO  (coreLoadExecutor-9-thread-2) [   x:mainindex] o.a.s.s.s.SolrSuggester Dictionary loaded with params: {name=infixSuggester,lookupImpl=BlendedInfixLookupFactory,blenderType=position_linear,dictionaryimpl=DocumentDictionaryFactory,field=unprocessed_comments,weightField=popularity,suggestAnalyzerFieldType=suggestType,buildOnStartup=true,buildOnCommit=false,exactMatchFirst=true}
2021-01-21 10:03:40.445 INFO  (coreLoadExecutor-9-thread-2) [   x:mainindex] o.a.s.h.c.SuggestComponent Registering searcher listener for suggester: infixSuggester - SuggesterListener [core=org.apache.solr.core.SolrCore@32f9ae08, suggester=SolrSuggester [ name=infixSuggester, sourceLocation=null, storeDir=, lookupImpl=BlendedInfixLookupFactory, dictionaryImpl=org.apache.solr.spelling.suggest.HighFrequencyDictionaryFactory, sizeInBytes=2644 ], buildOnCommit=false, buildOnOptimize=false, buildOnStartup=true, isCoreReload=false]
2021-01-21 10:03:40.445 INFO  (coreLoadExecutor-9-thread-2) [   x:mainindex] o.a.s.h.c.SpellCheckComponent Initializing spell checkers
2021-01-21 10:03:40.445 INFO  (coreLoadExecutor-9-thread-2) [   x:mainindex] o.a.s.s.DirectSolrSpellChecker init: {name=default,field=_text_,classname=solr.DirectSolrSpellChecker,distanceMeasure=internal,accuracy=0.5,maxEdits=2,minPrefix=1,maxInspections=5,minQueryLength=4,maxQueryFrequency=0.01}
2021-01-21 10:03:40.445 INFO  (coreLoadExecutor-9-thread-2) [   x:mainindex] o.a.s.h.ReplicationHandler Commits will be reserved for 10000ms.
2021-01-21 10:03:40.500 INFO  (searcherExecutor-11-thread-1-processing-x:testauthor) [   x:testauthor] o.a.s.c.QuerySenderListener QuerySenderListener sending requests to Searcher@73b00ccb[testauthor] main{ExitableDirectoryReader(UninvertingDirectoryReader(Uninverting(_0(8.4.1):C569:[diagnostics={java.vendor=Oracle Corporation, os=Windows 10, java.version=12.0.2, java.vm.version=12.0.2+10, lucene.version=8.4.1, os.arch=amd64, java.runtime.version=12.0.2+10, source=flush, os.version=10.0, timestamp=1587304389512}]:[attributes={Lucene50StoredFieldsFormat.mode=BEST_SPEED}]) Uninverting(_1(8.4.1):C431:[diagnostics={java.vendor=Oracle Corporation, os=Windows 10, java.version=12.0.2, java.vm.version=12.0.2+10, lucene.version=8.4.1, os.arch=amd64, java.runtime.version=12.0.2+10, source=flush, os.version=10.0, timestamp=1587304389983}]:[attributes={Lucene50StoredFieldsFormat.mode=BEST_SPEED}]) Uninverting(_2(8.4.1):C1000:[diagnostics={java.vendor=Oracle Corporation, os=Windows 10, java.version=12.0.2, java.vm.version=12.0.2+10, lucene.version=8.4.1, os.arch=amd64, java.runtime.version=12.0.2+10, source=flush, os.version=10.0, timestamp=1587304396955}]:[attributes={Lucene50StoredFieldsFormat.mode=BEST_SPEED}])))}
2021-01-21 10:03:40.500 INFO  (searcherExecutor-11-thread-1-processing-x:testauthor) [   x:testauthor] o.a.s.c.QuerySenderListener QuerySenderListener done.
2021-01-21 10:03:40.500 INFO  (searcherExecutor-11-thread-1-processing-x:testauthor) [   x:testauthor] o.a.s.h.c.SpellCheckComponent Loading spell index for spellchecker: default
2021-01-21 10:03:40.515 INFO  (searcherExecutor-11-thread-1-processing-x:testauthor) [   x:testauthor] o.a.s.c.SolrCore [testauthor] Registered new searcher Searcher@73b00ccb[testauthor] main{ExitableDirectoryReader(UninvertingDirectoryReader(Uninverting(_0(8.4.1):C569:[diagnostics={java.vendor=Oracle Corporation, os=Windows 10, java.version=12.0.2, java.vm.version=12.0.2+10, lucene.version=8.4.1, os.arch=amd64, java.runtime.version=12.0.2+10, source=flush, os.version=10.0, timestamp=1587304389512}]:[attributes={Lucene50StoredFieldsFormat.mode=BEST_SPEED}]) Uninverting(_1(8.4.1):C431:[diagnostics={java.vendor=Oracle Corporation, os=Windows 10, java.version=12.0.2, java.vm.version=12.0.2+10, lucene.version=8.4.1, os.arch=amd64, java.runtime.version=12.0.2+10, source=flush, os.version=10.0, timestamp=1587304389983}]:[attributes={Lucene50StoredFieldsFormat.mode=BEST_SPEED}]) Uninverting(_2(8.4.1):C1000:[diagnostics={java.vendor=Oracle Corporation, os=Windows 10, java.version=12.0.2, java.vm.version=12.0.2+10, lucene.version=8.4.1, os.arch=amd64, java.runtime.version=12.0.2+10, source=flush, os.version=10.0, timestamp=1587304396955}]:[attributes={Lucene50StoredFieldsFormat.mode=BEST_SPEED}])))}
2021-01-21 10:03:40.577 INFO  (searcherExecutor-12-thread-1-processing-x:mainindex) [   x:mainindex] o.a.s.c.QuerySenderListener QuerySenderListener sending requests to Searcher@3e5908a[mainindex] main{ExitableDirectoryReader(UninvertingDirectoryReader(Uninverting(_13(8.4.1):C9623:[diagnostics={os=Windows 10, java.version=12.0.2, os.arch=amd64, java.runtime.version=12.0.2+10, source=merge, os.version=10.0, java.vendor=Oracle Corporation, java.vm.version=12.0.2+10, lucene.version=8.4.1, mergeMaxNumSegments=-1, mergeFactor=10, timestamp=1587806277301}]:[attributes={Lucene50StoredFieldsFormat.mode=BEST_SPEED}]) Uninverting(_s(8.4.1):C377:[diagnostics={java.vendor=Oracle Corporation, os=Windows 10, java.version=12.0.2, java.vm.version=12.0.2+10, lucene.version=8.4.1, os.arch=amd64, java.runtime.version=12.0.2+10, source=flush, os.version=10.0, timestamp=1587806056458}]:[attributes={Lucene50StoredFieldsFormat.mode=BEST_SPEED}]) Uninverting(_z(8.4.1):C1000:[diagnostics={java.vendor=Oracle Corporation, os=Windows 10, java.version=12.0.2, java.vm.version=12.0.2+10, lucene.version=8.4.1, os.arch=amd64, java.runtime.version=12.0.2+10, source=flush, os.version=10.0, timestamp=1587806107307}]:[attributes={Lucene50StoredFieldsFormat.mode=BEST_SPEED}])))}
2021-01-21 10:03:40.577 INFO  (searcherExecutor-12-thread-1-processing-x:mainindex) [   x:mainindex] o.a.s.c.QuerySenderListener QuerySenderListener done.
2021-01-21 10:03:40.577 INFO  (searcherExecutor-12-thread-1-processing-x:mainindex) [   x:mainindex] o.a.s.h.c.SuggestComponent buildOnStartup: fuzzySuggester
2021-01-21 10:03:40.577 INFO  (searcherExecutor-12-thread-1-processing-x:mainindex) [   x:mainindex] o.a.s.s.s.SolrSuggester SolrSuggester.build(fuzzySuggester)
2021-01-21 10:03:43.900 INFO  (searcherExecutor-12-thread-1-processing-x:mainindex) [   x:mainindex] o.a.s.h.c.SuggestComponent buildOnStartup: infixSuggester
2021-01-21 10:03:43.900 INFO  (searcherExecutor-12-thread-1-processing-x:mainindex) [   x:mainindex] o.a.s.s.s.SolrSuggester SolrSuggester.build(infixSuggester)
2021-01-21 10:03:50.255 INFO  (searcherExecutor-12-thread-1-processing-x:mainindex) [   x:mainindex] o.a.s.h.c.SpellCheckComponent Loading spell index for spellchecker: default
2021-01-21 10:03:50.270 INFO  (searcherExecutor-12-thread-1-processing-x:mainindex) [   x:mainindex] o.a.s.c.SolrCore [mainindex] Registered new searcher Searcher@3e5908a[mainindex] main{ExitableDirectoryReader(UninvertingDirectoryReader(Uninverting(_13(8.4.1):C9623:[diagnostics={os=Windows 10, java.version=12.0.2, os.arch=amd64, java.runtime.version=12.0.2+10, source=merge, os.version=10.0, java.vendor=Oracle Corporation, java.vm.version=12.0.2+10, lucene.version=8.4.1, mergeMaxNumSegments=-1, mergeFactor=10, timestamp=1587806277301}]:[attributes={Lucene50StoredFieldsFormat.mode=BEST_SPEED}]) Uninverting(_s(8.4.1):C377:[diagnostics={java.vendor=Oracle Corporation, os=Windows 10, java.version=12.0.2, java.vm.version=12.0.2+10, lucene.version=8.4.1, os.arch=amd64, java.runtime.version=12.0.2+10, source=flush, os.version=10.0, timestamp=1587806056458}]:[attributes={Lucene50StoredFieldsFormat.mode=BEST_SPEED}]) Uninverting(_z(8.4.1):C1000:[diagnostics={java.vendor=Oracle Corporation, os=Windows 10, java.version=12.0.2, java.vm.version=12.0.2+10, lucene.version=8.4.1, os.arch=amd64, java.runtime.version=12.0.2+10, source=flush, os.version=10.0, timestamp=1587806107307}]:[attributes={Lucene50StoredFieldsFormat.mode=BEST_SPEED}])))}
